2021-10-11 08:21:02,128 [JavaFX Application Thread] [DEBUG] ch.meng.symphoniefx.MainController - MainController() booting...
2021-10-11 08:21:02,815 [JavaFX Application Thread] [DEBUG] ch.meng.symphoniefx.MainController - initVoiceExpander
2021-10-11 08:21:02,975 [JavaFX Application Thread] [DEBUG] ch.meng.symphoniefx.mixer.VoiceExpander - Render Statistics:
2021-10-11 08:21:02,976 [JavaFX Application Thread] [DEBUG] ch.meng.symphoniefx.mixer.VoiceExpander - MasterVolume 100.0, masterVolumeCorrection 80.0, Mixfrequeny 44100, bufferLenInSamples 0, Sample Max 0.0
2021-10-11 08:21:02,977 [JavaFX Application Thread] [DEBUG] ch.meng.symphoniefx.mixer.VoiceExpander - Playing Time:0 bytes , Max Amplitude:0%, Song Time Position:0:00.00 s
2021-10-11 08:21:02,977 [JavaFX Application Thread] [DEBUG] ch.meng.symphoniefx.mixer.VoiceExpander - 0ms, , 0ms, 
2021-10-11 08:21:03,051 [JavaFX Application Thread] [DEBUG] com.synthbot.jasiohost.AsioDriver - ASIO driver successfully loaded
2021-10-11 08:21:03,053 [JavaFX Application Thread] [DEBUG] ch.meng.symphoniefx.mixer.JavaAudioDevice - setAudioDevice Primärer Soundtreiber, version Unknown Version, Buffersize4096 44100
2021-10-11 08:21:03,055 [JavaFX Application Thread] [DEBUG] ch.meng.symphoniefx.mixer.JavaAudioDevice - mixFrequency:44100 oversample:1.0
2021-10-11 08:21:03,055 [JavaFX Application Thread] [DEBUG] ch.meng.symphoniefx.mixer.JavaAudioDevice - audio device frequency:44100.0
2021-10-11 08:21:03,056 [JavaFX Application Thread] [DEBUG] ch.meng.symphoniefx.mixer.JavaAudioDevice - Opening AudioDevice Primärer Soundtreiber, version Unknown Version, Buffersize:4096 buffersize in byte:8192
2021-10-11 08:21:03,071 [JavaFX Application Thread] [DEBUG] ch.meng.symphoniefx.MainController - VERSION:Symphonie Fx v2.10
2021-10-11 08:21:03,071 [JavaFX Application Thread] [DEBUG] ch.meng.symphoniefx.MainController - initUI()
2021-10-11 08:21:03,071 [pool-2-thread-1] [DEBUG] ch.meng.symphoniefx.mixer.BackgroundMusicTask - BackgroundTask started
2021-10-11 08:21:03,084 [JavaFX Application Thread] [DEBUG] ch.meng.symphoniefx.MainController - MixFrequency resetted to 44.1 kHz
2021-10-11 08:21:03,089 [JavaFX Application Thread] [ERROR] ch.meng.symphoniefx.PropertyManager - java.lang.NumberFormatException: empty String
2021-10-11 08:21:03,089 [JavaFX Application Thread] [ERROR] ch.meng.symphoniefx.PropertyManager - java.lang.NumberFormatException: empty String
2021-10-11 08:21:03,089 [JavaFX Application Thread] [ERROR] ch.meng.symphoniefx.PropertyManager - java.lang.NumberFormatException: empty String
2021-10-11 08:21:03,089 [JavaFX Application Thread] [ERROR] ch.meng.symphoniefx.PropertyManager - java.lang.NumberFormatException: empty String
2021-10-11 08:21:03,089 [JavaFX Application Thread] [ERROR] ch.meng.symphoniefx.PropertyManager - java.lang.NumberFormatException: empty String
2021-10-11 08:21:03,121 [JavaFX Application Thread] [DEBUG] ch.meng.symphoniefx.NewPatternView - 7.5718ms 1ops
2021-10-11 08:21:03,147 [JavaFX Application Thread] [DEBUG] ch.meng.symphoniefx.mixer.VoiceExpander - Render Statistics:
2021-10-11 08:21:03,147 [JavaFX Application Thread] [DEBUG] ch.meng.symphoniefx.mixer.VoiceExpander - MasterVolume 100.0, masterVolumeCorrection 80.0, Mixfrequeny 44100, bufferLenInSamples 4096, Sample Max 0.0
2021-10-11 08:21:03,147 [JavaFX Application Thread] [DEBUG] ch.meng.symphoniefx.mixer.VoiceExpander - Playing Time:512 bytes , Max Amplitude:0%, Song Time Position:0:00.05 s
2021-10-11 08:21:03,148 [JavaFX Application Thread] [DEBUG] ch.meng.symphoniefx.mixer.VoiceExpander - 2.5213ms 1ops, 5.4%, 0.6476ms 1ops, 1.4%
2021-10-11 08:21:03,152 [JavaFX Application Thread] [DEBUG] ch.meng.symphoniefx.NewPatternView - 1.7017ms 2ops
2021-10-11 08:21:03,152 [JavaFX Application Thread] [DEBUG] ch.meng.symphoniefx.MainController - resetVisualsForLoading
2021-10-11 08:21:03,163 [JavaFX Application Thread] [DEBUG] ch.meng.symphoniefx.PositionController - setPosition:Pattern:0 Start:0 Len:64 Tune:0 Loops:1 Cycl:4
2021-10-11 08:21:03,166 [JavaFX Application Thread] [DEBUG] ch.meng.symphoniefx.PatternController - updatePatternView()0
2021-10-11 08:21:03,169 [JavaFX Application Thread] [DEBUG] ch.meng.symphoniefx.NewPatternView - 2.3090ms 3ops
2021-10-11 08:21:03,177 [JavaFX Application Thread] [DEBUG] ch.meng.symphoniefx.mixer.VoiceExpander - setMasterVolume100.0
2021-10-11 08:21:03,178 [JavaFX Application Thread] [DEBUG] ch.meng.symphoniefx.MainController - loadStagePosition
2021-10-11 08:21:22,510 [JavaFX Application Thread] [DEBUG] ch.meng.symphoniefx.MainController - saveStagePosition
2021-10-11 08:21:22,552 [JavaFX Application Thread] [DEBUG] ch.meng.symphoniefx.MainController - initVoiceExpander
2021-10-11 08:21:22,592 [pool-2-thread-1] [DEBUG] ch.meng.symphoniefx.mixer.BackgroundMusicTask - BackgroundTask shutdown
2021-10-11 08:21:22,592 [pool-2-thread-1] [ERROR] ch.meng.symphoniefx.mixer.BackgroundMusicTask - BackgroundTask closing.
2021-10-11 08:21:22,702 [JavaFX Application Thread] [DEBUG] ch.meng.symphoniefx.mixer.VoiceExpander - Render Statistics:
2021-10-11 08:21:22,703 [JavaFX Application Thread] [DEBUG] ch.meng.symphoniefx.mixer.VoiceExpander - MasterVolume 100.0, masterVolumeCorrection 80.0, Mixfrequeny 44100, bufferLenInSamples 0, Sample Max 0.0
2021-10-11 08:21:22,703 [JavaFX Application Thread] [DEBUG] ch.meng.symphoniefx.mixer.VoiceExpander - Playing Time:0 bytes , Max Amplitude:0%, Song Time Position:0:00.00 s
2021-10-11 08:21:22,703 [JavaFX Application Thread] [DEBUG] ch.meng.symphoniefx.mixer.VoiceExpander - 0ms, , 0ms, 
